<?xml version="1.0" encoding="UTF-8"?>
<coverage generated="1678195513163" clover="3.2.0">
  <project timestamp="1678195513163" name="All files">
    <metrics statements="13" coveredstatements="9" conditionals="2" coveredconditionals="2" methods="3" coveredmethods="1" elements="18" coveredelements="12" complexity="0" loc="13" ncloc="13" packages="1" files="1" classes="1"/>
    <file name="inq.js" path="D:\Code\TextBasedAdventure\functions\inq.js">
      <metrics statements="13" coveredstatements="9" conditionals="2" coveredconditionals="2" methods="3" coveredmethods="1"/>
      <line num="1" count="1" type="stmt"/>
      <line num="3" count="1" type="stmt"/>
      <line num="4" count="3" type="stmt"/>
      <line num="9" count="3" type="cond" truecount="2" falsecount="0"/>
      <line num="10" count="2" type="stmt"/>
      <line num="12" count="1" type="stmt"/>
      <line num="16" count="1" type="stmt"/>
      <line num="17" count="0" type="stmt"/>
      <line num="23" count="0" type="stmt"/>
      <line num="26" count="1" type="stmt"/>
      <line num="27" count="0" type="stmt"/>
      <line num="33" count="0" type="stmt"/>
      <line num="36" count="1" type="stmt"/>
    </file>
  </project>
</coverage>
