{"D:\\Code\\TextBasedAdventure\\functions\\helper.js": {"path":"D:\\Code\\TextBasedAdventure\\functions\\helper.js","statementMap":{"0":{"start":{"line":2,"column":23},"end":{"line":4,"column":1}},"1":{"start":{"line":3,"column":2},"end":{"line":3,"column":44}},"2":{"start":{"line":6,"column":27},"end":{"line":12,"column":1}},"3":{"start":{"line":7,"column":13},"end":{"line":7,"column":48}},"4":{"start":{"line":8,"column":13},"end":{"line":8,"column":48}},"5":{"start":{"line":10,"column":2},"end":{"line":10,"column":43}},"6":{"start":{"line":11,"column":2},"end":{"line":11,"column":21}},"7":{"start":{"line":14,"column":0},"end":{"line":17,"column":2}}},"fnMap":{"0":{"name":"(anonymous_0)","decl":{"start":{"line":2,"column":23},"end":{"line":2,"column":24}},"loc":{"start":{"line":2,"column":29},"end":{"line":4,"column":1}},"line":2},"1":{"name":"(anonymous_1)","decl":{"start":{"line":6,"column":27},"end":{"line":6,"column":28}},"loc":{"start":{"line":6,"column":33},"end":{"line":12,"column":1}},"line":6}},"branchMap":{},"s":{"0":2,"1":1,"2":2,"3":2,"4":2,"5":2,"6":2,"7":2},"f":{"0":1,"1":2},"b":{},"_coverageSchema":"1a1c01bbd47fc00a2c39e90264f33305004495a9","hash":"d5ee126fedb2462619a6bd5d875232511f547e0d"}
,"D:\\Code\\TextBasedAdventure\\functions\\inq.js": {"path":"D:\\Code\\TextBasedAdventure\\functions\\inq.js","statementMap":{"0":{"start":{"line":1,"column":17},"end":{"line":1,"column":36}},"1":{"start":{"line":3,"column":47},"end":{"line":3,"column":66}},"2":{"start":{"line":5,"column":13},"end":{"line":16,"column":1}},"3":{"start":{"line":6,"column":24},"end":{"line":10,"column":4}},"4":{"start":{"line":11,"column":2},"end":{"line":15,"column":3}},"5":{"start":{"line":12,"column":4},"end":{"line":12,"column":30}},"6":{"start":{"line":14,"column":4},"end":{"line":14,"column":21}},"7":{"start":{"line":18,"column":20},"end":{"line":26,"column":1}},"8":{"start":{"line":19,"column":21},"end":{"line":24,"column":4}},"9":{"start":{"line":25,"column":2},"end":{"line":25,"column":32}},"10":{"start":{"line":28,"column":31},"end":{"line":36,"column":1}},"11":{"start":{"line":29,"column":22},"end":{"line":34,"column":4}},"12":{"start":{"line":35,"column":2},"end":{"line":35,"column":33}},"13":{"start":{"line":38,"column":24},"end":{"line":46,"column":1}},"14":{"start":{"line":39,"column":22},"end":{"line":44,"column":4}},"15":{"start":{"line":45,"column":2},"end":{"line":45,"column":33}},"16":{"start":{"line":48,"column":19},"end":{"line":62,"column":1}},"17":{"start":{"line":49,"column":15},"end":{"line":49,"column":35}},"18":{"start":{"line":50,"column":24},"end":{"line":55,"column":4}},"19":{"start":{"line":56,"column":2},"end":{"line":61,"column":3}},"20":{"start":{"line":57,"column":4},"end":{"line":57,"column":56}},"21":{"start":{"line":58,"column":4},"end":{"line":58,"column":23}},"22":{"start":{"line":60,"column":4},"end":{"line":60,"column":49}},"23":{"start":{"line":64,"column":0},"end":{"line":70,"column":2}}},"fnMap":{"0":{"name":"(anonymous_0)","decl":{"start":{"line":5,"column":13},"end":{"line":5,"column":14}},"loc":{"start":{"line":5,"column":25},"end":{"line":16,"column":1}},"line":5},"1":{"name":"(anonymous_1)","decl":{"start":{"line":18,"column":20},"end":{"line":18,"column":21}},"loc":{"start":{"line":18,"column":32},"end":{"line":26,"column":1}},"line":18},"2":{"name":"(anonymous_2)","decl":{"start":{"line":28,"column":31},"end":{"line":28,"column":32}},"loc":{"start":{"line":28,"column":43},"end":{"line":36,"column":1}},"line":28},"3":{"name":"(anonymous_3)","decl":{"start":{"line":38,"column":24},"end":{"line":38,"column":25}},"loc":{"start":{"line":38,"column":36},"end":{"line":46,"column":1}},"line":38},"4":{"name":"(anonymous_4)","decl":{"start":{"line":48,"column":19},"end":{"line":48,"column":20}},"loc":{"start":{"line":48,"column":31},"end":{"line":62,"column":1}},"line":48}},"branchMap":{"0":{"loc":{"start":{"line":11,"column":2},"end":{"line":15,"column":3}},"type":"if","locations":[{"start":{"line":11,"column":2},"end":{"line":15,"column":3}},{"start":{"line":13,"column":9},"end":{"line":15,"column":3}}],"line":11},"1":{"loc":{"start":{"line":56,"column":2},"end":{"line":61,"column":3}},"type":"if","locations":[{"start":{"line":56,"column":2},"end":{"line":61,"column":3}},{"start":{"line":59,"column":9},"end":{"line":61,"column":3}}],"line":56}},"s":{"0":1,"1":1,"2":1,"3":3,"4":3,"5":2,"6":1,"7":1,"8":0,"9":0,"10":1,"11":0,"12":0,"13":1,"14":0,"15":0,"16":1,"17":1,"18":1,"19":1,"20":0,"21":0,"22":0,"23":1},"f":{"0":3,"1":0,"2":0,"3":0,"4":1},"b":{"0":[2,1],"1":[0,0]},"_coverageSchema":"1a1c01bbd47fc00a2c39e90264f33305004495a9","hash":"4cfc17c5a3ca9241eb23c946199e4caa76e1467c"}
}
