TN:
SF:functions\helper.js
FN:2,(anonymous_0)
FN:6,(anonymous_1)
FNF:2
FNH:2
FNDA:1,(anonymous_0)
FNDA:2,(anonymous_1)
DA:2,2
DA:3,1
DA:6,2
DA:7,2
DA:8,2
DA:10,2
DA:11,2
DA:14,2
LF:8
LH:8
BRF:0
BRH:0
end_of_record
TN:
SF:functions\inq.js
FN:5,(anonymous_0)
FN:18,(anonymous_1)
FN:28,(anonymous_2)
FN:38,(anonymous_3)
FN:48,(anonymous_4)
FNF:5
FNH:2
FNDA:3,(anonymous_0)
FNDA:0,(anonymous_1)
FNDA:0,(anonymous_2)
FNDA:0,(anonymous_3)
FNDA:1,(anonymous_4)
DA:1,1
DA:3,1
DA:5,1
DA:6,3
DA:11,3
DA:12,2
DA:14,1
DA:18,1
DA:19,0
DA:25,0
DA:28,1
DA:29,0
DA:35,0
DA:38,1
DA:39,0
DA:45,0
DA:48,1
DA:49,1
DA:50,1
DA:56,1
DA:57,0
DA:58,0
DA:60,0
DA:64,1
LF:24
LH:15
BRDA:11,0,0,2
BRDA:11,0,1,1
BRDA:56,1,0,0
BRDA:56,1,1,0
BRF:4
BRH:2
end_of_record
